{"/home/juan/Escritorio/nubark/sections/second_challenge/challenge_01/challenge01.js": {"path":"/home/juan/Escritorio/nubark/sections/second_challenge/challenge_01/challenge01.js","statementMap":{"0":{"start":{"line":6,"column":17},"end":{"line":6,"column":25}},"1":{"start":{"line":7,"column":18},"end":{"line":7,"column":33}},"2":{"start":{"line":9,"column":8},"end":{"line":9,"column":42}}},"fnMap":{"0":{"name":"oneAndFiveBills","decl":{"start":{"line":5,"column":20},"end":{"line":5,"column":35}},"loc":{"start":{"line":5,"column":44},"end":{"line":10,"column":1}},"line":5}},"branchMap":{},"s":{"0":3,"1":3,"2":3},"f":{"0":3},"b":{},"_coverageSchema":"1a1c01bbd47fc00a2c39e90264f33305004495a9","hash":"c98d5db3642d9130fe6e6ed8ea4d3c93bf6c78a4"}
,"/home/juan/Escritorio/nubark/sections/second_challenge/challenge_02/challenge02.js": {"path":"/home/juan/Escritorio/nubark/sections/second_challenge/challenge_02/challenge02.js","statementMap":{"0":{"start":{"line":7,"column":22},"end":{"line":7,"column":36}},"1":{"start":{"line":8,"column":4},"end":{"line":8,"column":40}},"2":{"start":{"line":9,"column":4},"end":{"line":9,"column":39}},"3":{"start":{"line":11,"column":4},"end":{"line":16,"column":5}},"4":{"start":{"line":12,"column":8},"end":{"line":12,"column":20}},"5":{"start":{"line":15,"column":8},"end":{"line":15,"column":21}}},"fnMap":{"0":{"name":"isPalindrome","decl":{"start":{"line":6,"column":16},"end":{"line":6,"column":28}},"loc":{"start":{"line":6,"column":35},"end":{"line":19,"column":1}},"line":6}},"branchMap":{"0":{"loc":{"start":{"line":11,"column":4},"end":{"line":16,"column":5}},"type":"if","locations":[{"start":{"line":11,"column":4},"end":{"line":16,"column":5}},{"start":{"line":14,"column":9},"end":{"line":16,"column":5}}],"line":11}},"s":{"0":3,"1":3,"2":3,"3":3,"4":2,"5":1},"f":{"0":3},"b":{"0":[2,1]},"_coverageSchema":"1a1c01bbd47fc00a2c39e90264f33305004495a9","hash":"081c135f6f9734088ef375399b5d55ebf0c877ca"}
,"/home/juan/Escritorio/nubark/sections/second_challenge/challenge_03/challenge03.js": {"path":"/home/juan/Escritorio/nubark/sections/second_challenge/challenge_03/challenge03.js","statementMap":{"0":{"start":{"line":9,"column":4},"end":{"line":23,"column":5}},"1":{"start":{"line":10,"column":21},"end":{"line":10,"column":23}},"2":{"start":{"line":11,"column":8},"end":{"line":18,"column":9}},"3":{"start":{"line":12,"column":12},"end":{"line":17,"column":13}},"4":{"start":{"line":13,"column":16},"end":{"line":13,"column":43}},"5":{"start":{"line":16,"column":16},"end":{"line":16,"column":34}},"6":{"start":{"line":19,"column":8},"end":{"line":19,"column":21}},"7":{"start":{"line":22,"column":8},"end":{"line":22,"column":51}}},"fnMap":{"0":{"name":"extract","decl":{"start":{"line":6,"column":16},"end":{"line":6,"column":23}},"loc":{"start":{"line":6,"column":35},"end":{"line":29,"column":5}},"line":6}},"branchMap":{"0":{"loc":{"start":{"line":9,"column":4},"end":{"line":23,"column":5}},"type":"if","locations":[{"start":{"line":9,"column":4},"end":{"line":23,"column":5}},{"start":{"line":21,"column":9},"end":{"line":23,"column":5}}],"line":9},"1":{"loc":{"start":{"line":12,"column":12},"end":{"line":17,"column":13}},"type":"if","locations":[{"start":{"line":12,"column":12},"end":{"line":17,"column":13}},{"start":{"line":15,"column":16},"end":{"line":17,"column":13}}],"line":12}},"s":{"0":4,"1":3,"2":3,"3":15,"4":10,"5":5,"6":3,"7":1},"f":{"0":4},"b":{"0":[3,1],"1":[10,5]},"_coverageSchema":"1a1c01bbd47fc00a2c39e90264f33305004495a9","hash":"6d6a75727acd038b878d53b5a1ca80824174dc18"}
,"/home/juan/Escritorio/nubark/sections/second_challenge/challenge_04/challenge04.js": {"path":"/home/juan/Escritorio/nubark/sections/second_challenge/challenge_04/challenge04.js","statementMap":{"0":{"start":{"line":5,"column":4},"end":{"line":7,"column":5}},"1":{"start":{"line":6,"column":8},"end":{"line":6,"column":35}},"2":{"start":{"line":8,"column":4},"end":{"line":10,"column":5}},"3":{"start":{"line":9,"column":8},"end":{"line":9,"column":37}},"4":{"start":{"line":11,"column":15},"end":{"line":11,"column":17}},"5":{"start":{"line":12,"column":4},"end":{"line":24,"column":5}},"6":{"start":{"line":13,"column":8},"end":{"line":21,"column":9}},"7":{"start":{"line":14,"column":12},"end":{"line":19,"column":13}},"8":{"start":{"line":15,"column":12},"end":{"line":15,"column":54}},"9":{"start":{"line":18,"column":16},"end":{"line":18,"column":37}},"10":{"start":{"line":23,"column":8},"end":{"line":23,"column":36}},"11":{"start":{"line":26,"column":4},"end":{"line":26,"column":60}}},"fnMap":{"0":{"name":"likes","decl":{"start":{"line":4,"column":16},"end":{"line":4,"column":21}},"loc":{"start":{"line":4,"column":29},"end":{"line":29,"column":1}},"line":4}},"branchMap":{"0":{"loc":{"start":{"line":5,"column":4},"end":{"line":7,"column":5}},"type":"if","locations":[{"start":{"line":5,"column":4},"end":{"line":7,"column":5}},{"start":{},"end":{}}],"line":5},"1":{"loc":{"start":{"line":8,"column":4},"end":{"line":10,"column":5}},"type":"if","locations":[{"start":{"line":8,"column":4},"end":{"line":10,"column":5}},{"start":{},"end":{}}],"line":8},"2":{"loc":{"start":{"line":12,"column":4},"end":{"line":24,"column":5}},"type":"if","locations":[{"start":{"line":12,"column":4},"end":{"line":24,"column":5}},{"start":{},"end":{}}],"line":12},"3":{"loc":{"start":{"line":14,"column":12},"end":{"line":19,"column":13}},"type":"if","locations":[{"start":{"line":14,"column":12},"end":{"line":19,"column":13}},{"start":{"line":17,"column":17},"end":{"line":19,"column":13}}],"line":14}},"s":{"0":5,"1":1,"2":4,"3":1,"4":3,"5":3,"6":2,"7":5,"8":2,"9":3,"10":2,"11":1},"f":{"0":5},"b":{"0":[1,4],"1":[1,3],"2":[2,1],"3":[2,3]},"_coverageSchema":"1a1c01bbd47fc00a2c39e90264f33305004495a9","hash":"e59309b131d6ac8d406bc241b7cff93f8fde465f"}
,"/home/juan/Escritorio/nubark/sections/second_challenge/challenge_05/challenge05.js": {"path":"/home/juan/Escritorio/nubark/sections/second_challenge/challenge_05/challenge05.js","statementMap":{"0":{"start":{"line":3,"column":8},"end":{"line":3,"column":35}},"1":{"start":{"line":4,"column":8},"end":{"line":4,"column":45}},"2":{"start":{"line":9,"column":8},"end":{"line":9,"column":72}},"3":{"start":{"line":13,"column":8},"end":{"line":13,"column":37}},"4":{"start":{"line":17,"column":19},"end":{"line":17,"column":60}},"5":{"start":{"line":18,"column":20},"end":{"line":18,"column":46}},"6":{"start":{"line":19,"column":23},"end":{"line":19,"column":50}},"7":{"start":{"line":20,"column":26},"end":{"line":20,"column":28}},"8":{"start":{"line":21,"column":8},"end":{"line":29,"column":9}},"9":{"start":{"line":22,"column":12},"end":{"line":22,"column":32}},"10":{"start":{"line":25,"column":12},"end":{"line":27,"column":13}},"11":{"start":{"line":25,"column":22},"end":{"line":25,"column":41}},"12":{"start":{"line":26,"column":16},"end":{"line":26,"column":37}},"13":{"start":{"line":28,"column":12},"end":{"line":28,"column":35}},"14":{"start":{"line":30,"column":8},"end":{"line":35,"column":9}},"15":{"start":{"line":31,"column":12},"end":{"line":31,"column":38}},"16":{"start":{"line":34,"column":12},"end":{"line":34,"column":22}}},"fnMap":{"0":{"name":"(anonymous_0)","decl":{"start":{"line":2,"column":4},"end":{"line":2,"column":5}},"loc":{"start":{"line":2,"column":42},"end":{"line":6,"column":5}},"line":2},"1":{"name":"(anonymous_1)","decl":{"start":{"line":8,"column":4},"end":{"line":8,"column":5}},"loc":{"start":{"line":8,"column":16},"end":{"line":10,"column":5}},"line":8},"2":{"name":"(anonymous_2)","decl":{"start":{"line":12,"column":4},"end":{"line":12,"column":5}},"loc":{"start":{"line":12,"column":15},"end":{"line":14,"column":5}},"line":12},"3":{"name":"(anonymous_3)","decl":{"start":{"line":16,"column":4},"end":{"line":16,"column":5}},"loc":{"start":{"line":16,"column":23},"end":{"line":36,"column":5}},"line":16}},"branchMap":{"0":{"loc":{"start":{"line":21,"column":8},"end":{"line":29,"column":9}},"type":"if","locations":[{"start":{"line":21,"column":8},"end":{"line":29,"column":9}},{"start":{"line":24,"column":12},"end":{"line":29,"column":9}}],"line":21},"1":{"loc":{"start":{"line":30,"column":8},"end":{"line":35,"column":9}},"type":"if","locations":[{"start":{"line":30,"column":8},"end":{"line":35,"column":9}},{"start":{"line":33,"column":12},"end":{"line":35,"column":9}}],"line":30}},"s":{"0":1,"1":1,"2":1,"3":1,"4":3,"5":3,"6":3,"7":3,"8":3,"9":0,"10":3,"11":3,"12":3,"13":3,"14":3,"15":2,"16":1},"f":{"0":1,"1":1,"2":1,"3":3},"b":{"0":[0,3],"1":[2,1]},"_coverageSchema":"1a1c01bbd47fc00a2c39e90264f33305004495a9","hash":"0afa0a0fc88da407a03d25e8cde7343c443af375"}
}
