TN:
SF:challenge_01/challenge01.js
FN:5,oneAndFiveBills
FNF:1
FNH:1
FNDA:3,oneAndFiveBills
DA:6,3
DA:7,3
DA:9,3
LF:3
LH:3
BRF:0
BRH:0
end_of_record
TN:
SF:challenge_02/challenge02.js
FN:6,isPalindrome
FNF:1
FNH:1
FNDA:3,isPalindrome
DA:7,3
DA:8,3
DA:9,3
DA:11,3
DA:12,2
DA:15,1
LF:6
LH:6
BRDA:11,0,0,2
BRDA:11,0,1,1
BRF:2
BRH:2
end_of_record
TN:
SF:challenge_03/challenge03.js
FN:6,extract
FNF:1
FNH:1
FNDA:4,extract
DA:9,4
DA:10,3
DA:11,3
DA:12,15
DA:13,10
DA:16,5
DA:19,3
DA:22,1
LF:8
LH:8
BRDA:9,0,0,3
BRDA:9,0,1,1
BRDA:12,1,0,10
BRDA:12,1,1,5
BRF:4
BRH:4
end_of_record
TN:
SF:challenge_04/challenge04.js
FN:4,likes
FNF:1
FNH:1
FNDA:5,likes
DA:5,5
DA:6,1
DA:8,4
DA:9,1
DA:11,3
DA:12,3
DA:13,2
DA:14,5
DA:15,2
DA:18,3
DA:23,2
DA:26,1
LF:12
LH:12
BRDA:5,0,0,1
BRDA:5,0,1,4
BRDA:8,1,0,1
BRDA:8,1,1,3
BRDA:12,2,0,2
BRDA:12,2,1,1
BRDA:14,3,0,2
BRDA:14,3,1,3
BRF:8
BRH:8
end_of_record
TN:
SF:challenge_05/challenge05.js
FN:2,(anonymous_0)
FN:8,(anonymous_1)
FN:12,(anonymous_2)
FN:16,(anonymous_3)
FNF:4
FNH:4
FNDA:1,(anonymous_0)
FNDA:1,(anonymous_1)
FNDA:1,(anonymous_2)
FNDA:3,(anonymous_3)
DA:3,1
DA:4,1
DA:9,1
DA:13,1
DA:17,3
DA:18,3
DA:19,3
DA:20,3
DA:21,3
DA:22,0
DA:25,3
DA:26,3
DA:28,3
DA:30,3
DA:31,2
DA:34,1
LF:16
LH:15
BRDA:21,0,0,0
BRDA:21,0,1,3
BRDA:30,1,0,2
BRDA:30,1,1,1
BRF:4
BRH:3
end_of_record
